Arduino found - Sat Oct 11 03:07:55 PM CEST 2025
Arduino found - Sat Oct 11 03:24:14 PM CEST 2025
starting SCREEN - Sat Oct 11 15:54:46 CEST 2025
starting SCREEN - Sat Oct 11 16:12:35 CEST 2025
starting SCREEN - Sat Oct 11 16:16:32 CEST 2025
Arduino found - Sat Oct 11 10:08:56 PM CEST 2025
Arduino found - Sat Oct 11 10:15:25 PM CEST 2025
starting SCREEN - Sat Oct 11 23:04:46 CEST 2025
starting SCREEN - Sat Oct 11 23:23:39 CEST 2025
starting SCREEN - Sat Oct 11 23:37:39 CEST 2025
Arduino found - Sat Oct 11 11:42:53 PM CEST 2025
starting SCREEN - Sat Oct 11 11:46:55 PM CEST 2025
Arduino found - Sun Oct 12 12:14:16 AM CEST 2025
starting SCREEN - Sun Oct 12 12:14:09 AM CEST 2025
starting SCREEN - Sun Oct 12 11:00:42 AM CEST 2025
starting SCREEN - Sun Oct 12 11:20:54 AM CEST 2025
starting SCREEN - Sun Oct 12 04:00:40 PM CEST 2025
starting SCREEN - Sun Oct 12 05:00:21 PM CEST 2025
starting SCREEN - Sun Oct 12 05:13:14 PM CEST 2025
starting SCREEN - Fri Oct 24 11:00:41 AM CEST 2025
starting SCREEN - Thu Nov 13 08:00:56 PM CET 2025
starting SCREEN - Tue Nov 25 06:00:38 PM CET 2025
starting SCREEN - Wed Dec 10 04:00:58 PM CET 2025
starting SCREEN - Sun Dec 14 01:00:36 PM CET 2025
starting SCREEN - Mon Dec 15 09:01:04 PM CET 2025
starting SCREEN - Tue Dec 16 01:15:17 PM CET 2025
starting SCREEN - Tue Dec 16 08:00:24 PM CET 2025
starting SCREEN - Wed Dec 17 09:29:36 PM CET 2025
