Switch[2F38B]=TEST
Switch[2F38B]}]=TEST
Switch[4AA03]=S/C-INGRESSO
Switch[4AA03]}]=S/C-INGRESSO
Switch[4A0E9]=S/C-LIBRERIA-FRIGO
Switch[4A0E9]}]=S/C-LIBRERIA-FRIGO
Switch[4AA0D]=S/C-COLONNA-CUCINA
Switch[4AA0D]}]=S/C-COLONNA-CUCINA
Switch[UNKNO]=S/C-PORTAFINESTRA-CUCINA
Switch[UNKNO]}]=S/C-PORTAFINESTRA-CUCINA
Switch[4AEDE]=S/C-FUOCHI
Switch[4AEDE]}]=S/C-FUOCHI
Switch[4A89A]=P-CORRIDOIO-PADRONALE
Switch[4A89A]}]=P-CORRIDOIO-PADRONALE
Switch[4A85C]=P-LETTO-MATTEO
Switch[4A85C]}]=P-LETTO-MATTEO
Switch[4A771]=P-LETTO-DANIELA
Switch[4A771]}]=P-LETTO-DANIELA
Switch[4B38D]=N-CORRIDOIO
Switch[4B38D]}]=N-CORRIDOIO
Switch[4A94F]=N-INGRESSO
Switch[4A94F]}]=N-INGRESSO
Switch[4AEE1]=N-BAGNO
Switch[4AEE1]}]=N-BAGNO
Switch[4A77D]=BL-DISIMPEGNO
Switch[4A77D]}]=BL-DISIMPEGNO
Switch[4AA60]=BL-LETTO
Switch[4AA60]}]=BL-LETTO
Switch[4AB2E]=BL-STUDIO-MTT
Switch[4AB2E]}]=BL-STUDIO-MTT
Switch[4A8B5]=BL-STUDIO-DANY
Switch[4A8B5]}]=BL-STUDIO-DANY
sONOFF[TEST]=D0D1C1
sONOFF[G1G2G3G4-corridoio-principale]=5EAC01
sONOFF[G5-area-isola-cucina]=5EA151
sONOFF[G6-area-divano]=5EAD11
sONOFF[G7-area-TV]=5EA751
sONOFF[G8-area-angolo-vetrata]=5EAA51
sONOFF[G9-area-lavandino]=5EA1A1
sONOFF[G10-muro-colonna-divano]=5EACD1
sONOFF[G11-muro-angolo-cucina]=5EAAC1
sONOFF[G12-muro-forno]=5EAF01
sONOFF[G13-muro-pianoforte]=5EA1F1
sONOFF[P1-area-letto]=DAD1C1
sONOFF[P2-area-corridoio]=DADCC1
sONOFF[P4-area-bagno]=DADBC1
sONOFF[P6-area-serretta]=DADB51
sONOFF[Grow-Light-serretta]=DADB91
sONOFF[Shower]=DADBF1
sONOFF[Tree]=D00D22
sONOFF[N1-area-camera]=C001C1
sONOFF[N2-area-bagno]=C001B1
sONOFF[L1-area-lavanderia]=0A55C1
sONOFF[K1-area-porta-scalaD-office-Danilea]=D00D01
sONOFF[K2-area-cucina]=D00DC2
sONOFF[K3-muro-cucina-fuochi]=D00DF3
sONOFF[K4-area-disimpegno]=D00DD4
sONOFF[K5-area-bagno]=D00DB1
sONOFF[K6-area-letto]=D00D32
